
extDB3: https://bitbucket.org/torndeco/extdb3/wiki/Home
extDB3: Version: 1.032
extDB3: Windows Version
Message: All development for extDB3 is done on a Linux Dedicated Server
Message: If you would like to Donate to extDB3 Development
Message: https://www.paypal.com/cgi-bin/webscr?cmd=_s-xclick&hosted_button_id=2SUEFTGABTAM2
Message: Also leave a message if there is any particular feature you would like to see added.
Message: Thanks for all the people that have donated.
Message: Torndeco: 18/05/15


extDB3: Found extdb3-conf.ini
extDB3: Detected 12 Cores, Setting up 6 Worker Threads
extDB3: ...
extDB3: ...
extDB3: ...
extDB3: ...
extDB3: ...
extDB3: ...


[09:24:31:054946 +01:00] [Thread 9476] extDB3: SQL: Initialized: Add Quotes around TEXT Datatypes mode: 2
[09:24:31:054946 +01:00] [Thread 9476] extDB3: SQL: Initialized: NULL = ""
[09:24:31:054946 +01:00] [Thread 9476] extDB3: Locked
[09:24:31:067947 +01:00] [Thread 4180] extDB3: SQL: Error MariaDBQueryException: DELETE command denied to user 'arma3'@'localhost' for table 'vehicles'
[09:24:31:067947 +01:00] [Thread 6368] extDB3: SQL: Error MariaDBQueryException: DELETE command denied to user 'arma3'@'localhost' for table 'houses'
[09:24:31:067947 +01:00] [Thread 6368] extDB3: SQL: Error MariaDBQueryException: Input: CALL deleteOldHouses
[09:24:31:067947 +01:00] [Thread 4180] extDB3: SQL: Error MariaDBQueryException: Input: CALL deleteDeadVehicles
[09:24:31:069947 +01:00] [Thread 7148] extDB3: SQL: Error MariaDBQueryException: DELETE command denied to user 'arma3'@'localhost' for table 'gangs'
[09:24:31:069947 +01:00] [Thread 7148] extDB3: SQL: Error MariaDBQueryException: Input: CALL deleteOldGangs
